#
# There is insufficient memory for the Java Runtime Environment to continue.
# Native memory allocation (malloc) failed to allocate 32744 bytes for ChunkPool::allocate
# Possible reasons:
#   The system is out of physical RAM or swap space
#   In 32 bit mode, the process size limit was hit
# Possible solutions:
#   Reduce memory load on the system
#   Increase physical memory or swap space
#   Check if swap backing store is full
#   Use 64 bit Java on a 64 bit OS
#   Decrease Java heap size (-Xmx/-Xms)
#   Decrease number of Java threads
#   Decrease Java thread stack sizes (-Xss)
#   Set larger code cache with -XX:ReservedCodeCacheSize=
# This output file may be truncated or incomplete.
#
#  Out of Memory Error (allocation.cpp:273), pid=8204, tid=9020
#
# JRE version: Java(TM) SE Runtime Environment (8.0_51-b16) (build 1.8.0_51-b16)
# Java VM: Java HotSpot(TM) 64-Bit Server VM (25.51-b03 mixed mode windows-amd64 compressed oops)
# Failed to write core dump. Minidumps are not enabled by default on client versions of Windows
#

---------------  T H R E A D  ---------------

Current thread (0x0000000058aae800):  JavaThread "C1 CompilerThread3" daemon [_thread_in_native, id=9020, stack(0x000000005a560000,0x000000005a660000)]

Stack: [0x000000005a560000,0x000000005a660000]
Native frames: (J=compiled Java code, j=interpreted, Vv=VM code, C=native code)
V  [jvm.dll+0x32b4ca]
V  [jvm.dll+0x2797e3]
V  [jvm.dll+0x27a479]
V  [jvm.dll+0x271765]
V  [jvm.dll+0xcb824]
V  [jvm.dll+0xcba47]
V  [jvm.dll+0xcbecc]
V  [jvm.dll+0x3edaa]
V  [jvm.dll+0x40505]
V  [jvm.dll+0x412c95]
V  [jvm.dll+0x4161cf]
V  [jvm.dll+0x416afd]
V  [jvm.dll+0x4178e7]
V  [jvm.dll+0x417b48]
V  [jvm.dll+0x41381f]
V  [jvm.dll+0x416207]
V  [jvm.dll+0x416afd]
V  [jvm.dll+0x4178e7]
V  [jvm.dll+0x417b48]
V  [jvm.dll+0x41381f]
V  [jvm.dll+0x416207]
V  [jvm.dll+0x416afd]
V  [jvm.dll+0x416ef2]
V  [jvm.dll+0x41bfe5]
V  [jvm.dll+0x41c0f0]
V  [jvm.dll+0x405f88]
V  [jvm.dll+0x4061f1]
V  [jvm.dll+0x4063b2]
V  [jvm.dll+0x406581]
V  [jvm.dll+0x40678f]
V  [jvm.dll+0xa43a2]
V  [jvm.dll+0xa4cdf]
V  [jvm.dll+0x2418a4]
V  [jvm.dll+0x29846a]
C  [msvcr100.dll+0x21d9f]
C  [msvcr100.dll+0x21e3b]
C  [kernel32.dll+0x15a4d]
C  [ntdll.dll+0x2b831]


Current CompileTask:
C1:  90240 2057       3       org.openqa.selenium.remote.http.AbstractHttpCommandCodec::defineCommand (18 bytes)


---------------  P R O C E S S  ---------------

Java Threads: ( => current thread )
  0x000000005cff4800 JavaThread "Keep-Alive-Timer" daemon [_thread_blocked, id=11688, stack(0x00000000608b0000,0x00000000609b0000)]
  0x000000005cff3800 JavaThread "Exec Stream Pumper" daemon [_thread_in_native, id=11640, stack(0x0000000060420000,0x0000000060520000)]
  0x000000005cff3000 JavaThread "Exec Stream Pumper" daemon [_thread_in_native, id=11636, stack(0x0000000060210000,0x0000000060310000)]
  0x000000005cff1800 JavaThread "Exec Default Executor" daemon [_thread_in_native, id=11624, stack(0x000000005ff70000,0x0000000060070000)]
  0x000000005cff0800 JavaThread "Exec Stream Pumper" daemon [_thread_in_native, id=10768, stack(0x00000000600c0000,0x00000000601c0000)]
  0x000000005cff0000 JavaThread "Exec Stream Pumper" daemon [_thread_in_native, id=10764, stack(0x000000005fd50000,0x000000005fe50000)]
  0x000000005cfef000 JavaThread "Exec Default Executor" daemon [_thread_in_native, id=10752, stack(0x000000005fc40000,0x000000005fd40000)]
  0x000000005cfee800 JavaThread "Exec Stream Pumper" daemon [_thread_in_native, id=9832, stack(0x000000005e650000,0x000000005e750000)]
  0x000000005cfed800 JavaThread "Exec Stream Pumper" daemon [_thread_in_native, id=9828, stack(0x000000005fa00000,0x000000005fb00000)]
  0x000000005cfed000 JavaThread "Exec Default Executor" daemon [_thread_in_native, id=9816, stack(0x000000005f840000,0x000000005f940000)]
  0x000000005cabe800 JavaThread "Exec Stream Pumper" daemon [_thread_in_native, id=2448, stack(0x000000005f620000,0x000000005f720000)]
  0x000000005c5ca000 JavaThread "Exec Stream Pumper" daemon [_thread_in_native, id=8368, stack(0x000000005f2f0000,0x000000005f3f0000)]
  0x000000005c245000 JavaThread "Exec Default Executor" daemon [_thread_in_native, id=8728, stack(0x000000005f420000,0x000000005f520000)]
  0x000000005c411800 JavaThread "Okio Watchdog" daemon [_thread_blocked, id=8632, stack(0x000000005f000000,0x000000005f100000)]
  0x000000005d254800 JavaThread "OkHttp ConnectionPool" daemon [_thread_blocked, id=8688, stack(0x000000005b3b0000,0x000000005b4b0000)]
  0x000000005c5c8000 JavaThread "UrlChecker-2" daemon [_thread_blocked, id=8296, stack(0x000000005e7b0000,0x000000005e8b0000)]
  0x000000005c64a000 JavaThread "Exec Stream Pumper" daemon [_thread_in_native, id=9156, stack(0x000000005e430000,0x000000005e530000)]
  0x000000005ac86000 JavaThread "Exec Stream Pumper" daemon [_thread_in_native, id=3572, stack(0x000000005e540000,0x000000005e640000)]
  0x000000005ac82000 JavaThread "Exec Default Executor" daemon [_thread_in_native, id=7540, stack(0x000000005b7f0000,0x000000005b8f0000)]
  0x000000005a90b800 JavaThread "ReaderThread" [_thread_in_native, id=6860, stack(0x000000005b080000,0x000000005b180000)]
  0x0000000058b2c800 JavaThread "Service Thread" daemon [_thread_blocked, id=8308, stack(0x000000005a6b0000,0x000000005a7b0000)]
=>0x0000000058aae800 JavaThread "C1 CompilerThread3" daemon [_thread_in_native, id=9020, stack(0x000000005a560000,0x000000005a660000)]
  0x0000000058aa9800 JavaThread "C2 CompilerThread2" daemon [_thread_in_native, id=340, stack(0x000000005a3d0000,0x000000005a4d0000)]
  0x0000000058aa2800 JavaThread "C2 CompilerThread1" daemon [_thread_blocked, id=1204, stack(0x000000005a2a0000,0x000000005a3a0000)]
  0x0000000058a9c800 JavaThread "C2 CompilerThread0" daemon [_thread_blocked, id=8772, stack(0x0000000012ab0000,0x0000000012bb0000)]
  0x0000000058a99800 JavaThread "Attach Listener" daemon [_thread_blocked, id=7712, stack(0x000000005a040000,0x000000005a140000)]
  0x0000000058a98000 JavaThread "Signal Dispatcher" daemon [_thread_blocked, id=9188, stack(0x0000000059ed0000,0x0000000059fd0000)]
  0x00000000579e2800 JavaThread "Finalizer" daemon [_thread_blocked, id=1828, stack(0x0000000059dc0000,0x0000000059ec0000)]
  0x0000000058a43800 JavaThread "Reference Handler" daemon [_thread_blocked, id=6780, stack(0x0000000059be0000,0x0000000059ce0000)]
  0x000000000219a000 JavaThread "Forwarding maximizeCurrentWindow on session 155a4dd0fa24df4d94dc09c9da54c5c5 to remote" [_thread_in_native, id=7556, stack(0x00000000024c0000,0x00000000025c0000)]

Other Threads:
  0x0000000058a42000 VMThread [stack: 0x00000000599a0000,0x0000000059aa0000] [id=9128]
  0x0000000058b38800 WatcherThread [stack: 0x00000000023c0000,0x00000000024c0000] [id=8852]

VM state:not at safepoint (normal execution)

VM Mutex/Monitor currently owned by a thread: None

Heap:
 PSYoungGen      total 38400K, used 10632K [0x00000000d5d80000, 0x00000000d8800000, 0x0000000100000000)
  eden space 33280K, 16% used [0x00000000d5d80000,0x00000000d62e7278,0x00000000d7e00000)
  from space 5120K, 99% used [0x00000000d7e00000,0x00000000d82fb098,0x00000000d8300000)
  to   space 5120K, 0% used [0x00000000d8300000,0x00000000d8300000,0x00000000d8800000)
 ParOldGen       total 87552K, used 3623K [0x0000000081800000, 0x0000000086d80000, 0x00000000d5d80000)
  object space 87552K, 4% used [0x0000000081800000,0x0000000081b89f88,0x0000000086d80000)
 Metaspace       used 17612K, capacity 18320K, committed 18560K, reserved 1064960K
  class space    used 2456K, capacity 2621K, committed 2688K, reserved 1048576K

Card table byte_map: [0x0000000011c50000,0x0000000012050000] byte_map_base: 0x0000000011844000

Marking Bits: (ParMarkBitMap*) 0x000000005c194040
 Begin Bits: [0x0000000012cb0000, 0x0000000014c50000)
 End Bits:   [0x0000000014c50000, 0x0000000016bf0000)

Polling page: 0x0000000001c50000

CodeCache: size=245760Kb used=6488Kb max_used=6493Kb free=239271Kb
 bounds [0x0000000002890000, 0x0000000002ef0000, 0x0000000011890000]
 total_blobs=2412 nmethods=2027 adapters=297
 compilation: enabled

Compilation events (10 events):
Event: 89.789 Thread 0x0000000058aae800 2050       3       java.util.Formatter$Conversion::isValid (47 bytes)
Event: 89.789 Thread 0x0000000058aae800 nmethod 2050 0x0000000002ee7d90 code [0x0000000002ee7f20, 0x0000000002ee8368]
Event: 89.789 Thread 0x0000000058aae800 2051       3       java.lang.Character::isUpperCase (5 bytes)
Event: 89.790 Thread 0x0000000058aae800 nmethod 2051 0x0000000002ee7590 code [0x0000000002ee7740, 0x0000000002ee7bb8]
Event: 89.790 Thread 0x0000000058aae800 2052       3       java.lang.Character::isUpperCase (25 bytes)
Event: 89.790 Thread 0x0000000058aa9800 2055   !   4       java.util.concurrent.ConcurrentHashMap::transfer (832 bytes)
Event: 89.790 Thread 0x0000000058aae800 nmethod 2052 0x0000000002ee6e50 code [0x0000000002ee7000, 0x0000000002ee7418]
Event: 89.790 Thread 0x0000000058aae800 2056       3       com.google.common.base.AbstractIterator::<init> (12 bytes)
Event: 89.790 Thread 0x0000000058aae800 nmethod 2056 0x0000000002ee6a50 code [0x0000000002ee6bc0, 0x0000000002ee6d90]
Event: 89.790 Thread 0x0000000058aae800 2057       3       org.openqa.selenium.remote.http.AbstractHttpCommandCodec::defineCommand (18 bytes)

GC Heap History (6 events):
Event: 0.624 GC heap before
{Heap before GC invocations=1 (full 0):
 PSYoungGen      total 38400K, used 33280K [0x00000000d5d80000, 0x00000000d8800000, 0x0000000100000000)
  eden space 33280K, 100% used [0x00000000d5d80000,0x00000000d7e00000,0x00000000d7e00000)
  from space 5120K, 0% used [0x00000000d8300000,0x00000000d8300000,0x00000000d8800000)
  to   space 5120K, 0% used [0x00000000d7e00000,0x00000000d7e00000,0x00000000d8300000)
 ParOldGen       total 87552K, used 0K [0x0000000081800000, 0x0000000086d80000, 0x00000000d5d80000)
  object space 87552K, 0% used [0x0000000081800000,0x0000000081800000,0x0000000086d80000)
 Metaspace       used 7653K, capacity 7754K, committed 7808K, reserved 1056768K
  class space    used 1083K, capacity 1137K, committed 1152K, reserved 1048576K
Event: 0.628 GC heap after
Heap after GC invocations=1 (full 0):
 PSYoungGen      total 38400K, used 4536K [0x00000000d5d80000, 0x00000000d8800000, 0x0000000100000000)
  eden space 33280K, 0% used [0x00000000d5d80000,0x00000000d5d80000,0x00000000d7e00000)
  from space 5120K, 88% used [0x00000000d7e00000,0x00000000d826e060,0x00000000d8300000)
  to   space 5120K, 0% used [0x00000000d8300000,0x00000000d8300000,0x00000000d8800000)
 ParOldGen       total 87552K, used 8K [0x0000000081800000, 0x0000000086d80000, 0x00000000d5d80000)
  object space 87552K, 0% used [0x0000000081800000,0x0000000081802000,0x0000000086d80000)
 Metaspace       used 7653K, capacity 7754K, committed 7808K, reserved 1056768K
  class space    used 1083K, capacity 1137K, committed 1152K, reserved 1048576K
}
Event: 1.843 GC heap before
{Heap before GC invocations=2 (full 0):
 PSYoungGen      total 38400K, used 37816K [0x00000000d5d80000, 0x00000000d8800000, 0x0000000100000000)
  eden space 33280K, 100% used [0x00000000d5d80000,0x00000000d7e00000,0x00000000d7e00000)
  from space 5120K, 88% used [0x00000000d7e00000,0x00000000d826e060,0x00000000d8300000)
  to   space 5120K, 0% used [0x00000000d8300000,0x00000000d8300000,0x00000000d8800000)
 ParOldGen       total 87552K, used 8K [0x0000000081800000, 0x0000000086d80000, 0x00000000d5d80000)
  object space 87552K, 0% used [0x0000000081800000,0x0000000081802000,0x0000000086d80000)
 Metaspace       used 13565K, capacity 13768K, committed 14080K, reserved 1060864K
  class space    used 1885K, capacity 1963K, committed 2048K, reserved 1048576K
Event: 1.856 GC heap after
Heap after GC invocations=2 (full 0):
 PSYoungGen      total 38400K, used 5116K [0x00000000d5d80000, 0x00000000d8800000, 0x0000000100000000)
  eden space 33280K, 0% used [0x00000000d5d80000,0x00000000d5d80000,0x00000000d7e00000)
  from space 5120K, 99% used [0x00000000d8300000,0x00000000d87ff300,0x00000000d8800000)
  to   space 5120K, 0% used [0x00000000d7e00000,0x00000000d7e00000,0x00000000d8300000)
 ParOldGen       total 87552K, used 1313K [0x0000000081800000, 0x0000000086d80000, 0x00000000d5d80000)
  object space 87552K, 1% used [0x0000000081800000,0x00000000819486d0,0x0000000086d80000)
 Metaspace       used 13565K, capacity 13768K, committed 14080K, reserved 1060864K
  class space    used 1885K, capacity 1963K, committed 2048K, reserved 1048576K
}
Event: 66.228 GC heap before
{Heap before GC invocations=3 (full 0):
 PSYoungGen      total 38400K, used 38396K [0x00000000d5d80000, 0x00000000d8800000, 0x0000000100000000)
  eden space 33280K, 100% used [0x00000000d5d80000,0x00000000d7e00000,0x00000000d7e00000)
  from space 5120K, 99% used [0x00000000d8300000,0x00000000d87ff300,0x00000000d8800000)
  to   space 5120K, 0% used [0x00000000d7e00000,0x00000000d7e00000,0x00000000d8300000)
 ParOldGen       total 87552K, used 1313K [0x0000000081800000, 0x0000000086d80000, 0x00000000d5d80000)
  object space 87552K, 1% used [0x0000000081800000,0x00000000819486d0,0x0000000086d80000)
 Metaspace       used 17484K, capacity 18158K, committed 18304K, reserved 1064960K
  class space    used 2454K, capacity 2618K, committed 2688K, reserved 1048576K
Event: 66.238 GC heap after
Heap after GC invocations=3 (full 0):
 PSYoungGen      total 38400K, used 5100K [0x00000000d5d80000, 0x00000000d8800000, 0x0000000100000000)
  eden space 33280K, 0% used [0x00000000d5d80000,0x00000000d5d80000,0x00000000d7e00000)
  from space 5120K, 99% used [0x00000000d7e00000,0x00000000d82fb098,0x00000000d8300000)
  to   space 5120K, 0% used [0x00000000d8300000,0x00000000d8300000,0x00000000d8800000)
 ParOldGen       total 87552K, used 3623K [0x0000000081800000, 0x0000000086d80000, 0x00000000d5d80000)
  object space 87552K, 4% used [0x0000000081800000,0x0000000081b89f88,0x0000000086d80000)
 Metaspace       used 17484K, capacity 18158K, committed 18304K, reserved 1064960K
  class space    used 2454K, capacity 2618K, committed 2688K, reserved 1048576K
}

Deoptimization events (10 events):
Event: 0.939 Thread 0x000000000219a000 Uncommon trap: reason=bimorphic action=maybe_recompile pc=0x0000000002bedafc method=java.util.HashMap.putVal(ILjava/lang/Object;Ljava/lang/Object;ZZ)Ljava/lang/Object; @ 203
Event: 0.941 Thread 0x000000000219a000 Uncommon trap: reason=bimorphic action=maybe_recompile pc=0x0000000002bedafc method=java.util.HashMap.putVal(ILjava/lang/Object;Ljava/lang/Object;ZZ)Ljava/lang/Object; @ 203
Event: 1.049 Thread 0x000000000219a000 Uncommon trap: reason=unstable_if action=reinterpret pc=0x0000000002c0f094 method=java.lang.CharacterDataLatin1.digit(II)I @ 82
Event: 1.286 Thread 0x000000000219a000 Uncommon trap: reason=unstable_if action=reinterpret pc=0x0000000002a10c30 method=java.lang.String.replace(CC)Ljava/lang/String; @ 2
Event: 1.288 Thread 0x000000000219a000 Uncommon trap: reason=bimorphic action=maybe_recompile pc=0x0000000002b32668 method=java.net.URL.<init>(Ljava/net/URL;Ljava/lang/String;Ljava/net/URLStreamHandler;)V @ 504
Event: 1.298 Thread 0x000000005c5c8000 Uncommon trap: reason=unstable_if action=reinterpret pc=0x0000000002c0f8c4 method=java.lang.CharacterDataLatin1.digit(II)I @ 82
Event: 44.542 Thread 0x000000000219a000 Uncommon trap: reason=bimorphic action=maybe_recompile pc=0x0000000002b32668 method=java.net.URL.<init>(Ljava/net/URL;Ljava/lang/String;Ljava/net/URLStreamHandler;)V @ 504
Event: 44.542 Thread 0x000000000219a000 Uncommon trap: reason=unstable_if action=reinterpret pc=0x0000000002c222f4 method=java.net.URLStreamHandler.parseURL(Ljava/net/URL;Ljava/lang/String;II)V @ 655
Event: 44.542 Thread 0x000000000219a000 Uncommon trap: reason=unstable_if action=reinterpret pc=0x0000000002c6d0ac method=java.util.LinkedHashMap.get(Ljava/lang/Object;)Ljava/lang/Object; @ 20
Event: 44.548 Thread 0x000000000219a000 Uncommon trap: reason=bimorphic action=maybe_recompile pc=0x0000000002b32668 method=java.net.URL.<init>(Ljava/net/URL;Ljava/lang/String;Ljava/net/URLStreamHandler;)V @ 504

Internal exceptions (10 events):
Event: 66.023 Thread 0x000000000219a000 Exception <a 'java/net/SocketTimeoutException': Read timed out> (0x00000000d7d0a008) thrown at [C:\re\workspace\8-2-build-windows-amd64-cygwin\jdk8u51\3951\hotspot\src\share\vm\prims\jni.cpp, line 735]
Event: 66.100 Thread 0x000000000219a000 Exception <a 'java/net/SocketTimeoutException': Read timed out> (0x00000000d7d542a8) thrown at [C:\re\workspace\8-2-build-windows-amd64-cygwin\jdk8u51\3951\hotspot\src\share\vm\prims\jni.cpp, line 735]
Event: 66.213 Thread 0x000000000219a000 Exception <a 'java/net/SocketTimeoutException': Read timed out> (0x00000000d7dc1d98) thrown at [C:\re\workspace\8-2-build-windows-amd64-cygwin\jdk8u51\3951\hotspot\src\share\vm\prims\jni.cpp, line 735]
Event: 67.272 Thread 0x000000005c5c8000 Exception <a 'java/net/SocketTimeoutException': connect timed out> (0x00000000d5f9a350) thrown at [C:\re\workspace\8-2-build-windows-amd64-cygwin\jdk8u51\3951\hotspot\src\share\vm\prims\jni.cpp, line 735]
Event: 69.971 Thread 0x000000000219a000 Exception <a 'java/net/SocketTimeoutException': Read timed out> (0x00000000d6028998) thrown at [C:\re\workspace\8-2-build-windows-amd64-cygwin\jdk8u51\3951\hotspot\src\share\vm\prims\jni.cpp, line 735]
Event: 71.099 Thread 0x000000000219a000 Exception <a 'java/net/SocketTimeoutException': Read timed out> (0x00000000d60423f0) thrown at [C:\re\workspace\8-2-build-windows-amd64-cygwin\jdk8u51\3951\hotspot\src\share\vm\prims\jni.cpp, line 735]
Event: 71.102 Thread 0x000000000219a000 Exception <a 'java/net/SocketTimeoutException': Read timed out> (0x00000000d605a648) thrown at [C:\re\workspace\8-2-build-windows-amd64-cygwin\jdk8u51\3951\hotspot\src\share\vm\prims\jni.cpp, line 735]
Event: 80.504 Thread 0x000000000219a000 Exception <a 'java/net/SocketTimeoutException': Read timed out> (0x00000000d6077710) thrown at [C:\re\workspace\8-2-build-windows-amd64-cygwin\jdk8u51\3951\hotspot\src\share\vm\prims\jni.cpp, line 735]
Event: 80.633 Thread 0x000000000219a000 Exception <a 'java/net/SocketTimeoutException': Read timed out> (0x00000000d60a99b0) thrown at [C:\re\workspace\8-2-build-windows-amd64-cygwin\jdk8u51\3951\hotspot\src\share\vm\prims\jni.cpp, line 735]
Event: 85.496 Thread 0x000000005c5c8000 Exception <a 'java/net/SocketTimeoutException': connect timed out> (0x00000000d5fa8628) thrown at [C:\re\workspace\8-2-build-windows-amd64-cygwin\jdk8u51\3951\hotspot\src\share\vm\prims\jni.cpp, line 735]

Events (10 events):
Event: 72.284 Executing VM operation: RevokeBias done
Event: 72.284 Thread 0x000000005cff1800 Thread exited: 0x000000005cff1800
Event: 84.040 loading class com/qa/pages/Login_page
Event: 84.040 loading class com/qa/pages/Login_page done
Event: 84.996 Thread 0x000000005cff1800 Thread added: 0x000000005cff1800
Event: 84.996 Executing VM operation: RevokeBias
Event: 84.996 Executing VM operation: RevokeBias done
Event: 84.998 Thread 0x000000005cff3000 Thread added: 0x000000005cff3000
Event: 84.998 Thread 0x000000005cff3800 Thread added: 0x000000005cff3800
Event: 85.509 Thread 0x000000005cff4800 Thread added: 0x000000005cff4800


Dynamic libraries:
0x000000013feb0000 - 0x000000013fee7000 	C:\Program Files\Java\jre1.8.0_51\bin\javaw.exe
0x0000000077620000 - 0x00000000777c9000 	C:\Windows\SYSTEM32\ntdll.dll
0x0000000077500000 - 0x0000000077620000 	C:\Windows\system32\kernel32.dll
0x000007fefd400000 - 0x000007fefd46c000 	C:\Windows\system32\KERNELBASE.dll
0x000007fefe9c0000 - 0x000007fefea9b000 	C:\Windows\system32\ADVAPI32.dll
0x000007feff890000 - 0x000007feff92f000 	C:\Windows\system32\msvcrt.dll
0x000007feff870000 - 0x000007feff88f000 	C:\Windows\SYSTEM32\sechost.dll
0x000007fefe860000 - 0x000007fefe98d000 	C:\Windows\system32\RPCRT4.dll
0x0000000077400000 - 0x00000000774fa000 	C:\Windows\system32\USER32.dll
0x000007fefee10000 - 0x000007fefee77000 	C:\Windows\system32\GDI32.dll
0x000007fefe9b0000 - 0x000007fefe9be000 	C:\Windows\system32\LPK.dll
0x000007feff2c0000 - 0x000007feff38a000 	C:\Windows\system32\USP10.dll
0x000007fefbaf0000 - 0x000007fefbce4000 	C:\Windows\WinSxS\amd64_microsoft.windows.common-controls_6595b64144ccf1df_6.0.7601.18837_none_fa3b1e3d17594757\COMCTL32.dll
0x000007fefee80000 - 0x000007fefeef1000 	C:\Windows\system32\SHLWAPI.dll
0x000007feff1a0000 - 0x000007feff1ce000 	C:\Windows\system32\IMM32.DLL
0x000007feff090000 - 0x000007feff199000 	C:\Windows\system32\MSCTF.dll
0x000000005fe80000 - 0x000000005ff52000 	C:\Program Files\Java\jre1.8.0_51\bin\msvcr100.dll
0x000000005b990000 - 0x000000005c213000 	C:\Program Files\Java\jre1.8.0_51\bin\server\jvm.dll
0x000007fef8c80000 - 0x000007fef8c89000 	C:\Windows\system32\WSOCK32.dll
0x000007feff1d0000 - 0x000007feff21d000 	C:\Windows\system32\WS2_32.dll
0x000007fefed60000 - 0x000007fefed68000 	C:\Windows\system32\NSI.dll
0x000007fefb600000 - 0x000007fefb63b000 	C:\Windows\system32\WINMM.dll
0x000007fefc410000 - 0x000007fefc41c000 	C:\Windows\system32\VERSION.dll
0x00000000777e0000 - 0x00000000777e7000 	C:\Windows\system32\PSAPI.DLL
0x00000000607d0000 - 0x00000000607df000 	C:\Program Files\Java\jre1.8.0_51\bin\verify.dll
0x00000000607a0000 - 0x00000000607c9000 	C:\Program Files\Java\jre1.8.0_51\bin\java.dll
0x0000000060780000 - 0x0000000060796000 	C:\Program Files\Java\jre1.8.0_51\bin\zip.dll
0x000007fefd780000 - 0x000007fefe509000 	C:\Windows\system32\SHELL32.dll
0x000007feff660000 - 0x000007feff863000 	C:\Windows\system32\ole32.dll
0x000007fefd3c0000 - 0x000007fefd3cf000 	C:\Windows\system32\profapi.dll
0x0000000060760000 - 0x000000006077a000 	C:\Program Files\Java\jre1.8.0_51\bin\net.dll
0x000007fefcb60000 - 0x000007fefcbb5000 	C:\Windows\system32\mswsock.dll
0x000007fefcb50000 - 0x000007fefcb57000 	C:\Windows\System32\wship6.dll
0x000007fefc530000 - 0x000007fefc537000 	C:\Windows\System32\wshtcpip.dll
0x000007fefc9e0000 - 0x000007fefca3b000 	C:\Windows\system32\DNSAPI.dll
0x000007fef3be0000 - 0x000007fef3c0f000 	C:\Program Files\Common Files\Microsoft Shared\Windows Live\WLIDNSP.DLL
0x000007fefa7c0000 - 0x000007fefa7e7000 	C:\Windows\system32\IPHLPAPI.DLL
0x000007fefa780000 - 0x000007fefa78b000 	C:\Windows\system32\WINNSI.DLL
0x000007fef3ba0000 - 0x000007fef3ba8000 	C:\Windows\system32\rasadhlp.dll
0x000007fefa450000 - 0x000007fefa4a3000 	C:\Windows\System32\fwpuclnt.dll
0x0000000060650000 - 0x0000000060674000 	C:\Program Files\Java\jre1.8.0_51\bin\sunec.dll
0x000007fefcbc0000 - 0x000007fefcbd8000 	C:\Windows\system32\CRYPTSP.dll
0x000007fefc8c0000 - 0x000007fefc907000 	C:\Windows\system32\rsaenh.dll
0x000007fefd6f0000 - 0x000007fefd70e000 	C:\Windows\system32\USERENV.dll
0x000007fefd260000 - 0x000007fefd26f000 	C:\Windows\system32\CRYPTBASE.dll
0x000007fefa670000 - 0x000007fefa688000 	C:\Windows\system32\dhcpcsvc.DLL
0x000007fefa400000 - 0x000007fefa411000 	C:\Windows\system32\dhcpcsvc6.DLL
0x0000000060740000 - 0x0000000060751000 	C:\Program Files\Java\jre1.8.0_51\bin\nio.dll
0x000007fefd200000 - 0x000007fefd257000 	C:\Windows\system32\apphelp.dll
0x000007fee5330000 - 0x000007fee5455000 	C:\Windows\system32\dbghelp.dll

VM Arguments:
jvm_args: -Dfile.encoding=Cp1252 
java_command: org.eclipse.jdt.internal.junit.runner.RemoteTestRunner -version 3 -port 60012 -testLoaderClass org.eclipse.jdt.internal.junit4.runner.JUnit4TestLoader -loaderpluginname org.eclipse.jdt.junit4.runtime -classNames com.qa.Runners.runner
java_class_path (initial): E:\cucumber_amazon_framework\com.qa.amazon\target\test-classes;E:\cucumber_amazon_framework\com.qa.amazon\target\classes;C:\Users\HP\.m2\repository\net\masterthought\cucumber-reporting\3.20.0\cucumber-reporting-3.20.0.jar;C:\Users\HP\.m2\repository\com\fasterxml\jackson\core\jackson-databind\2.9.6\jackson-databind-2.9.6.jar;C:\Users\HP\.m2\repository\com\fasterxml\jackson\core\jackson-annotations\2.9.0\jackson-annotations-2.9.0.jar;C:\Users\HP\.m2\repository\com\fasterxml\jackson\core\jackson-core\2.9.6\jackson-core-2.9.6.jar;C:\Users\HP\.m2\repository\org\apache\velocity\velocity\1.7\velocity-1.7.jar;C:\Users\HP\.m2\repository\commons-lang\commons-lang\2.4\commons-lang-2.4.jar;C:\Users\HP\.m2\repository\velocity-tools\velocity-tools\1.4\velocity-tools-1.4.jar;C:\Users\HP\.m2\repository\joda-time\joda-time\2.10\joda-time-2.10.jar;C:\Users\HP\.m2\repository\org\apache\commons\commons-lang3\3.7\commons-lang3-3.7.jar;C:\Users\HP\.m2\repository\commons-io\commons-io\2.6\commons-io-2.6.jar;C:\Users\HP\.m2\repository\net\lingala\zip4j\zip4j\1.3.2\zip4j-1.3.2.jar;C:\Users\HP\.m2\repository\org\codehaus\plexus\plexus-utils\3.1.0\plexus-utils-3.1.0.jar;C:\Users\HP\.m2\repository\org\jsoup\jsoup\1.11.3\jsoup-1.11.3.jar;C:\Users\HP\.m2\repository\com\googlecode\owasp-java-html-sanitizer\owasp-java-html-sanitizer\20180219.1\owasp-java-html-sanitizer-20180219.1.jar;C:\Users\HP\.m2\repository\commons-configuration\commons-configuration\1.10\commons-configuration-1.10.jar;C:\Users\HP\.m2\repository\info\cukes\cucumber-java\1.2.5\cucumber-java-1.2.5.jar;C:\Users\HP\.m2\repository\info\cukes\cucumber-core\1.2.5\cucumber-core-1.2.5.jar;C:\Users\HP\.m2\repository\info\cukes\cucumber-html\0.2.3\cucumber-html-0.2.3.jar;C:\Users\HP\.m2\repository\org\seleniumhq\selenium\selenium-htmlunit-driver\2.52.0\selenium-htmlunit-driver-2.52.0.jar;C:\Users\HP\.m2\repository\org\seleniumhq\selenium\selenium-support\2.52.0\selenium-support-2.52.0.jar;C:\Users\HP\.m2\repos
Launcher Type: SUN_STANDARD

Environment Variables:
JAVA_HOME=C:\Program Files\Java\jdk1.8.0_51
JRE_HOME=C:\Program Files\Java\jre1.8.0_51
PATH=C:/Program Files/Java/jre1.8.0_51/bin/server;C:/Program Files/Java/jre1.8.0_51/bin;C:/Program Files/Java/jre1.8.0_51/lib/amd64;C:\ProgramData\Oracle\Java\javapath;C:\Program Files (x86)\Intel\iCLS Client\;C:\Program Files\Intel\iCLS Client\;C:\Program Files (x86)\AMD APP\bin\x86_64;C:\Program Files (x86)\AMD APP\bin\x86;C:\Program Files\Common Files\Microsoft Shared\Windows Live;C:\Program Files (x86)\Common Files\Microsoft Shared\Windows Live;C:\Windows\system32;C:\Windows;C:\Windows\System32\Wbem;C:\Windows\System32\WindowsPowerShell\v1.0\;C:\Program Files (x86)\Windows Live\Shared;C:\Program Files (x86)\ATI Technologies\ATI.ACE\Core-Static;C:\Program Files\Intel\WiFi\bin\;C:\Program Files\Common Files\Intel\WirelessCommon\;C:\Program Files\Intel\Intel(R) Management Engine Components\DAL;C:\Program Files\Intel\Intel(R) Management Engine Components\IPT;C:\Program Files (x86)\Intel\Intel(R) Management Engine Components\DAL;C:\Program Files (x86)\Intel\Intel(R) Management Engine Components\IPT;E:\Selenium backup\apache-ant-1.9.4\bin;C:\Windows\System32;C:\Program Files\Java\jdk1.8.0_51\bin;C:\Program Files\Git\cmd;C:\Users\HP\AppData\Local\Android\android-sdk\tools;C:\Users\HP\AppData\Local\Android\Sdk\platform-tools;C:\Program Files\nodejs\;C:\Program Files\apache-maven-3.5.4\bin;C:\Users\HP\AppData\Roaming\npm;C:\Users\HP\AppData\Local\GitHubDesktop\bin;C:\Users\HP\AppData\Local\Programs\Microsoft VS Code\bin;E:\Selenium backup\eclipse;
USERNAME=HP
OS=Windows_NT
PROCESSOR_IDENTIFIER=Intel64 Family 6 Model 58 Stepping 9, GenuineIntel



---------------  S Y S T E M  ---------------

OS: Windows 7 , 64 bit Build 7601 (6.1.7601.19045)

CPU:total 8 (4 cores per cpu, 2 threads per core) family 6 model 58 stepping 9, cmov, cx8, fxsr, mmx, sse, sse2, sse3, ssse3, sse4.1, sse4.2, popcnt, avx, aes, clmul, erms, ht, tsc, tscinvbit, tscinv

Memory: 4k page, physical 8284528k(1883200k free), swap 8282692k(9232k free)

vm_info: Java HotSpot(TM) 64-Bit Server VM (25.51-b03) for windows-amd64 JRE (1.8.0_51-b16), built on Jun  8 2015 18:03:07 by "java_re" with MS VC++ 10.0 (VS2010)

time: Sat Feb 23 19:04:54 2019
elapsed time: 90 seconds (0d 0h 1m 30s)

